<!--信息头-->
【日志时间】：2019-11-28 15:59:54,477 [9] ;
【日志级别】：INFO  
登录IP：::1 
 <!--信息尾--><!--信息头-->
【日志时间】：2019-11-28 16:36:02,756 [10] ;
【日志级别】：INFO  
【登录IP】：::1 
 <!--信息尾--><!--信息头-->
【日志时间】：2019-11-28 16:36:06,134 [7] ;
【日志级别】：INFO  
【登录IP】：::1 
 <!--信息尾--><!--信息头-->
【日志时间】：2019-11-28 16:37:44,445 [8] ;
【日志级别】：INFO  
【登录IP】：::1 
 <!--信息尾--><!--信息头-->
【日志时间】：2019-11-28 16:37:47,757 [20] ;
【日志级别】：INFO  
【登录IP】：::1 
 <!--信息尾--><!--信息头-->
【日志时间】：2019-11-28 16:37:47,766 [8] ;
【日志级别】：INFO  
【登录IP】：::1 
 <!--信息尾--><!--信息头-->
【日志时间】：2019-11-28 16:37:48,048 [8] ;
【日志级别】：INFO  
【登录IP】：::1 
 <!--信息尾--><!--信息头-->
【日志时间】：2019-11-28 16:38:12,615 [7] ;
【日志级别】：INFO  
【登录IP】：::1 
 <!--信息尾--><!--信息头-->
【日志时间】：2019-11-28 16:38:13,587 [8] ;
【日志级别】：INFO  
【登录IP】：::1 
 <!--信息尾--><!--信息头-->
【日志时间】：2019-11-28 16:38:27,947 [4] ;
【日志级别】：INFO  
【登录IP】：::1 
 <!--信息尾--><!--信息头-->
【日志时间】：2019-11-28 16:38:28,692 [10] ;
【日志级别】：INFO  
【登录IP】：::1 
 <!--信息尾--><!--信息头-->
【日志时间】：2019-11-28 16:40:33,927 [26] ;
【日志级别】：INFO  
【登录IP】：::1 
 <!--信息尾--><!--信息头-->
【日志时间】：2019-11-28 16:40:34,811 [26] ;
【日志级别】：INFO  
【登录IP】：::1 
 <!--信息尾--><!--信息头-->
【日志时间】：2019-11-28 16:40:49,831 [6] ;
【日志级别】：INFO  
【登录IP】：::1 
 <!--信息尾--><!--信息头-->
【日志时间】：2019-11-28 16:40:50,810 [26] ;
【日志级别】：INFO  
【登录IP】：::1 
 <!--信息尾--><!--信息头-->
【日志时间】：2019-11-28 16:40:50,898 [26] ;
【日志级别】：INFO  
【登录IP】：::1 
 <!--信息尾--><!--信息头-->
【日志时间】：2019-11-28 16:40:50,923 [28] ;
【日志级别】：INFO  
【登录IP】：::1 
 <!--信息尾--><!--信息头-->
【日志时间】：2019-11-28 16:41:10,962 [26] ;
【日志级别】：INFO  
【登录IP】：::1 
 <!--信息尾--><!--信息头-->
【日志时间】：2019-11-28 16:41:11,645 [26] ;
【日志级别】：INFO  
【登录IP】：::1 
 <!--信息尾--><!--信息头-->
【日志时间】：2019-11-28 16:41:11,669 [26] ;
【日志级别】：INFO  
【登录IP】：::1 
 <!--信息尾--><!--信息头-->
【日志时间】：2019-11-28 16:41:11,709 [28] ;
【日志级别】：INFO  
【登录IP】：::1 
 <!--信息尾--><!--信息头-->
【日志时间】：2019-11-28 16:41:39,777 [24] ;
【日志级别】：INFO  
【登录IP】：::1 
 <!--信息尾--><!--信息头-->
【日志时间】：2019-11-28 16:41:40,439 [7] ;
【日志级别】：INFO  
【登录IP】：::1 
 <!--信息尾--><!--信息头-->
【日志时间】：2019-11-28 16:41:40,478 [7] ;
【日志级别】：INFO  
【登录IP】：::1 
 <!--信息尾--><!--信息头-->
【日志时间】：2019-11-28 16:42:04,798 [7] ;
【日志级别】：INFO  
【登录IP】：::1 
 <!--信息尾--><!--信息头-->
【日志时间】：2019-11-28 16:42:05,449 [7] ;
【日志级别】：INFO  
【登录IP】：::1 
 <!--信息尾--><!--信息头-->
【日志时间】：2019-11-28 16:42:17,367 [15] ;
【日志级别】：INFO  
【登录IP】：::1 
 <!--信息尾--><!--信息头-->
【日志时间】：2019-11-28 16:42:17,959 [7] ;
【日志级别】：INFO  
【登录IP】：::1 
 <!--信息尾--><!--信息头-->
【日志时间】：2019-11-28 16:43:06,004 [29] ;
【日志级别】：INFO  
【登录IP】：::1 
 <!--信息尾--><!--信息头-->
【日志时间】：2019-11-28 16:43:06,644 [7] ;
【日志级别】：INFO  
【登录IP】：::1 
 <!--信息尾--><!--信息头-->
【日志时间】：2019-11-28 16:48:46,883 [37] ;
【日志级别】：INFO  
【登录IP】：::1 
 <!--信息尾--><!--信息头-->
【日志时间】：2019-11-28 16:48:47,635 [43] ;
【日志级别】：INFO  
【登录IP】：::1 
 <!--信息尾--><!--信息头-->
【日志时间】：2019-11-28 16:49:06,774 [43] ;
【日志级别】：INFO  
【登录IP】：::1 
 <!--信息尾--><!--信息头-->
【日志时间】：2019-11-28 16:49:07,522 [43] ;
【日志级别】：INFO  
【登录IP】：::1 
 <!--信息尾--><!--信息头-->
【日志时间】：2019-11-28 16:49:15,743 [43] ;
【日志级别】：INFO  
【登录IP】：::1 
 <!--信息尾--><!--信息头-->
【日志时间】：2019-11-28 16:49:16,860 [43] ;
【日志级别】：INFO  
【登录IP】：::1 
 <!--信息尾--><!--信息头-->
【日志时间】：2019-11-28 16:50:16,644 [48] ;
【日志级别】：INFO  
【登录IP】：::1 
 <!--信息尾--><!--信息头-->
【日志时间】：2019-11-28 16:50:17,528 [48] ;
【日志级别】：INFO  
【登录IP】：::1 
 <!--信息尾--><!--信息头-->
【日志时间】：2019-11-28 16:50:38,960 [50] ;
【日志级别】：INFO  
【登录IP】：::1 
 <!--信息尾--><!--信息头-->
【日志时间】：2019-11-28 16:50:39,795 [53] ;
【日志级别】：INFO  
【登录IP】：::1 
 <!--信息尾--><!--信息头-->
【日志时间】：2019-11-28 16:50:51,256 [50] ;
【日志级别】：INFO  
【登录IP】：::1 
 <!--信息尾--><!--信息头-->
【日志时间】：2019-11-28 16:50:52,129 [53] ;
【日志级别】：INFO  
【登录IP】：::1 
 <!--信息尾--><!--信息头-->
【日志时间】：2019-11-28 16:51:41,556 [55] ;
【日志级别】：INFO  
【登录IP】：::1 
 <!--信息尾--><!--信息头-->
【日志时间】：2019-11-28 16:51:42,795 [55] ;
【日志级别】：INFO  
【登录IP】：::1 
 <!--信息尾--><!--信息头-->
【日志时间】：2019-11-28 16:52:08,918 [55] ;
【日志级别】：INFO  
【登录IP】：::1 
 <!--信息尾--><!--信息头-->
【日志时间】：2019-11-28 16:52:09,849 [55] ;
【日志级别】：INFO  
【登录IP】：::1 
 <!--信息尾--><!--信息头-->
【日志时间】：2019-11-28 16:52:19,267 [55] ;
【日志级别】：INFO  
【登录IP】：::1 
 <!--信息尾--><!--信息头-->
【日志时间】：2019-11-28 16:52:20,219 [53] ;
【日志级别】：INFO  
【登录IP】：::1 
 <!--信息尾--><!--信息头-->
【日志时间】：2019-11-28 16:52:43,046 [53] ;
【日志级别】：INFO  
【登录IP】：::1 
 <!--信息尾--><!--信息头-->
【日志时间】：2019-11-28 16:52:44,204 [49] ;
【日志级别】：INFO  
【登录IP】：::1 
 <!--信息尾--><!--信息头-->
【日志时间】：2019-11-28 16:52:57,041 [49] ;
【日志级别】：INFO  
【登录IP】：::1 
 <!--信息尾--><!--信息头-->
【日志时间】：2019-11-28 16:52:58,156 [49] ;
【日志级别】：INFO  
【登录IP】：::1 
 <!--信息尾--><!--信息头-->
【日志时间】：2019-11-28 16:56:09,961 [43] ;
【日志级别】：INFO  
【登录IP】：::1 
 <!--信息尾--><!--信息头-->
【日志时间】：2019-11-28 16:56:11,206 [41] ;
【日志级别】：INFO  
【登录IP】：::1 
 <!--信息尾--><!--信息头-->
【日志时间】：2019-11-28 16:56:33,536 [41] ;
【日志级别】：INFO  
【登录IP】：::1 
 <!--信息尾--><!--信息头-->
【日志时间】：2019-11-28 16:56:34,594 [41] ;
【日志级别】：INFO  
【登录IP】：::1 
 <!--信息尾--><!--信息头-->
【日志时间】：2019-11-28 16:57:54,977 [46] ;
【日志级别】：INFO  
【登录IP】：::1 
 <!--信息尾--><!--信息头-->
【日志时间】：2019-11-28 16:57:56,060 [38] ;
【日志级别】：INFO  
【登录IP】：::1 
 <!--信息尾--><!--信息头-->
【日志时间】：2019-11-28 16:58:08,243 [38] ;
【日志级别】：INFO  
【登录IP】：::1 
 <!--信息尾--><!--信息头-->
【日志时间】：2019-11-28 16:58:09,368 [38] ;
【日志级别】：INFO  
【登录IP】：::1 
 <!--信息尾--><!--信息头-->
【日志时间】：2019-11-28 16:59:50,940 [39] ;
【日志级别】：INFO  
【登录IP】：::1 
 <!--信息尾--><!--信息头-->
【日志时间】：2019-11-28 16:59:51,838 [39] ;
【日志级别】：INFO  
【登录IP】：::1 
 <!--信息尾--><!--信息头-->
【日志时间】：2019-11-28 17:00:22,382 [37] ;
【日志级别】：INFO  
【登录IP】：::1 
 <!--信息尾--><!--信息头-->
【日志时间】：2019-11-28 17:00:23,154 [46] ;
【日志级别】：INFO  
【登录IP】：::1 
 <!--信息尾--><!--信息头-->
【日志时间】：2019-11-28 17:01:37,227 [47] ;
【日志级别】：INFO  
【登录IP】：::1 
 <!--信息尾--><!--信息头-->
【日志时间】：2019-11-28 17:01:37,927 [41] ;
【日志级别】：INFO  
【登录IP】：::1 
 <!--信息尾--><!--信息头-->
【日志时间】：2019-11-28 17:01:50,893 [40] ;
【日志级别】：INFO  
【登录IP】：::1 
 <!--信息尾--><!--信息头-->
【日志时间】：2019-11-28 17:01:51,665 [43] ;
【日志级别】：INFO  
【登录IP】：::1 
 <!--信息尾--><!--信息头-->
【日志时间】：2019-11-28 17:02:01,140 [40] ;
【日志级别】：INFO  
【登录IP】：::1 
 <!--信息尾--><!--信息头-->
【日志时间】：2019-11-28 17:02:01,874 [47] ;
【日志级别】：INFO  
【登录IP】：::1 
 <!--信息尾--><!--信息头-->
【日志时间】：2019-11-28 17:02:10,179 [47] ;
【日志级别】：INFO  
【登录IP】：::1 
 <!--信息尾--><!--信息头-->
【日志时间】：2019-11-28 17:02:10,822 [50] ;
【日志级别】：INFO  
【登录IP】：::1 
 <!--信息尾--><!--信息头-->
【日志时间】：2019-11-28 17:02:21,874 [43] ;
【日志级别】：INFO  
【登录IP】：::1 
 <!--信息尾--><!--信息头-->
【日志时间】：2019-11-28 17:02:22,603 [43] ;
【日志级别】：INFO  
【登录IP】：::1 
 <!--信息尾--><!--信息头-->
【日志时间】：2019-11-28 17:02:45,812 [44] ;
【日志级别】：INFO  
【登录IP】：::1 
 <!--信息尾--><!--信息头-->
【日志时间】：2019-11-28 17:02:46,563 [44] ;
【日志级别】：INFO  
【登录IP】：::1 
 <!--信息尾--><!--信息头-->
【日志时间】：2019-11-28 17:03:04,474 [44] ;
【日志级别】：INFO  
【登录IP】：::1 
 <!--信息尾--><!--信息头-->
【日志时间】：2019-11-28 17:03:05,257 [44] ;
【日志级别】：INFO  
【登录IP】：::1 
 <!--信息尾--><!--信息头-->
【日志时间】：2019-11-28 17:03:31,160 [51] ;
【日志级别】：INFO  
【登录IP】：::1 
 <!--信息尾--><!--信息头-->
【日志时间】：2019-11-28 17:03:31,827 [51] ;
【日志级别】：INFO  
【登录IP】：::1 
 <!--信息尾--><!--信息头-->
【日志时间】：2019-11-28 17:06:51,801 [52] ;
【日志级别】：INFO  
【登录IP】：::1 
 <!--信息尾--><!--信息头-->
【日志时间】：2019-11-28 17:06:52,630 [52] ;
【日志级别】：INFO  
【登录IP】：::1 
 <!--信息尾--><!--信息头-->
【日志时间】：2019-11-28 17:09:55,040 [54] ;
【日志级别】：INFO  
【登录IP】：::1 
 <!--信息尾--><!--信息头-->
【日志时间】：2019-11-28 17:09:56,260 [32] ;
【日志级别】：INFO  
【登录IP】：::1 
 <!--信息尾--><!--信息头-->
【日志时间】：2019-11-28 17:12:20,177 [15] ;
【日志级别】：INFO  
【登录IP】：::1 
 <!--信息尾--><!--信息头-->
【日志时间】：2019-11-28 17:12:20,990 [15] ;
【日志级别】：INFO  
【登录IP】：::1 
 <!--信息尾--><!--信息头-->
【日志时间】：2019-11-28 17:13:28,997 [10] ;
【日志级别】：INFO  
【登录IP】：::1 
 <!--信息尾--><!--信息头-->
【日志时间】：2019-11-28 17:13:29,949 [10] ;
【日志级别】：INFO  
【登录IP】：::1 
 <!--信息尾--><!--信息头-->
【日志时间】：2019-11-28 17:15:43,748 [14] ;
【日志级别】：INFO  
【登录IP】：::1 
 <!--信息尾--><!--信息头-->
【日志时间】：2019-11-28 17:15:44,459 [14] ;
【日志级别】：INFO  
【登录IP】：::1 
 <!--信息尾--><!--信息头-->
【日志时间】：2019-11-28 17:19:39,887 [18] ;
【日志级别】：INFO  
【登录IP】：::1 
 <!--信息尾--><!--信息头-->
【日志时间】：2019-11-28 17:19:40,926 [18] ;
【日志级别】：INFO  
【登录IP】：::1 
 <!--信息尾--><!--信息头-->
【日志时间】：2019-11-28 17:20:17,459 [20] ;
【日志级别】：INFO  
【登录IP】：::1 
 <!--信息尾--><!--信息头-->
【日志时间】：2019-11-28 17:20:18,609 [20] ;
【日志级别】：INFO  
【登录IP】：::1 
 <!--信息尾--><!--信息头-->
【日志时间】：2019-11-28 17:20:37,164 [20] ;
【日志级别】：INFO  
【登录IP】：::1 
 <!--信息尾--><!--信息头-->
【日志时间】：2019-11-28 17:20:38,260 [18] ;
【日志级别】：INFO  
【登录IP】：::1 
 <!--信息尾--><!--信息头-->
【日志时间】：2019-11-28 17:20:52,365 [18] ;
【日志级别】：INFO  
【登录IP】：::1 
 <!--信息尾--><!--信息头-->
【日志时间】：2019-11-28 17:20:53,295 [18] ;
【日志级别】：INFO  
【登录IP】：::1 
 <!--信息尾--><!--信息头-->
【日志时间】：2019-11-28 17:21:17,340 [18] ;
【日志级别】：INFO  
【登录IP】：::1 
 <!--信息尾--><!--信息头-->
【日志时间】：2019-11-28 17:21:18,494 [18] ;
【日志级别】：INFO  
【登录IP】：::1 
 <!--信息尾--><!--信息头-->
【日志时间】：2019-11-28 17:23:53,901 [10] ;
【日志级别】：INFO  
【登录IP】：::1 
 <!--信息尾--><!--信息头-->
【日志时间】：2019-11-28 17:23:54,910 [10] ;
【日志级别】：INFO  
【登录IP】：::1 
 <!--信息尾--><!--信息头-->
【日志时间】：2019-11-28 17:25:52,150 [4] ;
【日志级别】：INFO  
【登录IP】：::1 
 <!--信息尾--><!--信息头-->
【日志时间】：2019-11-28 17:25:52,961 [16] ;
【日志级别】：INFO  
【登录IP】：::1 
 <!--信息尾--><!--信息头-->
【日志时间】：2019-11-28 17:26:38,867 [16] ;
【日志级别】：INFO  
【登录IP】：::1 
 <!--信息尾--><!--信息头-->
【日志时间】：2019-11-28 17:26:39,755 [10] ;
【日志级别】：INFO  
【登录IP】：::1 
 <!--信息尾--><!--信息头-->
【日志时间】：2019-11-28 17:27:11,413 [7] ;
【日志级别】：INFO  
【登录IP】：::1 
 <!--信息尾--><!--信息头-->
【日志时间】：2019-11-28 17:27:12,275 [20] ;
【日志级别】：INFO  
【登录IP】：::1 
 <!--信息尾--><!--信息头-->
【日志时间】：2019-11-28 17:27:37,554 [19] ;
【日志级别】：INFO  
【登录IP】：::1 
 <!--信息尾--><!--信息头-->
【日志时间】：2019-11-28 17:27:38,802 [29] ;
【日志级别】：INFO  
【登录IP】：::1 
 <!--信息尾--><!--信息头-->
【日志时间】：2019-11-28 17:27:51,136 [29] ;
【日志级别】：INFO  
【登录IP】：::1 
 <!--信息尾--><!--信息头-->
【日志时间】：2019-11-28 17:27:52,052 [7] ;
【日志级别】：INFO  
【登录IP】：::1 
 <!--信息尾--><!--信息头-->
【日志时间】：2019-11-28 17:28:01,362 [7] ;
【日志级别】：INFO  
【登录IP】：::1 
 <!--信息尾--><!--信息头-->
【日志时间】：2019-11-28 17:28:02,443 [7] ;
【日志级别】：INFO  
【登录IP】：::1 
 <!--信息尾--><!--信息头-->
【日志时间】：2019-11-28 17:28:20,423 [29] ;
【日志级别】：INFO  
【登录IP】：::1 
 <!--信息尾--><!--信息头-->
【日志时间】：2019-11-28 17:28:21,390 [19] ;
【日志级别】：INFO  
【登录IP】：::1 
 <!--信息尾--><!--信息头-->
【日志时间】：2019-11-28 17:28:41,023 [29] ;
【日志级别】：INFO  
【登录IP】：::1 
 <!--信息尾--><!--信息头-->
【日志时间】：2019-11-28 17:28:42,161 [29] ;
【日志级别】：INFO  
【登录IP】：::1 
 <!--信息尾-->