<!--信息头-->
【日志时间】：2020-03-03 14:35:40,141 [6] ;
【日志级别】：INFO  
【登录IP】：::1 
 <!--信息尾--><!--信息头-->
【日志时间】：2020-03-03 14:40:52,874 [9] ;
【日志级别】：INFO  
【登录IP】：::1 
 <!--信息尾--><!--信息头-->
【日志时间】：2020-03-03 14:40:56,719 [9] ;
【日志级别】：INFO  
【登录IP】：::1 
 <!--信息尾--><!--信息头-->
【日志时间】：2020-03-03 14:40:56,723 [6] ;
【日志级别】：INFO  
【登录IP】：::1 
 <!--信息尾--><!--信息头-->
【日志时间】：2020-03-03 14:40:56,723 [7] ;
【日志级别】：INFO  
【登录IP】：::1 
 <!--信息尾--><!--信息头-->
【日志时间】：2020-03-03 14:40:57,084 [6] ;
【日志级别】：INFO  
【登录IP】：::1 
 <!--信息尾--><!--信息头-->
【日志时间】：2020-03-03 14:43:12,845 [6] ;
【日志级别】：INFO  
【登录IP】：::1 
 <!--信息尾--><!--信息头-->
【日志时间】：2020-03-03 14:43:16,282 [9] ;
【日志级别】：INFO  
【登录IP】：::1 
 <!--信息尾--><!--信息头-->
【日志时间】：2020-03-03 14:43:16,537 [7] ;
【日志级别】：INFO  
【登录IP】：::1 
 <!--信息尾--><!--信息头-->
【日志时间】：2020-03-03 14:45:38,996 [9] ;
【日志级别】：INFO  
【登录IP】：::1 
 <!--信息尾--><!--信息头-->
【日志时间】：2020-03-03 14:45:41,975 [9] ;
【日志级别】：INFO  
【登录IP】：::1 
 <!--信息尾--><!--信息头-->
【日志时间】：2020-03-03 14:45:42,014 [7] ;
【日志级别】：INFO  
【登录IP】：::1 
 <!--信息尾--><!--信息头-->
【日志时间】：2020-03-03 14:45:42,095 [7] ;
【日志级别】：INFO  
【登录IP】：::1 
 <!--信息尾--><!--信息头-->
【日志时间】：2020-03-03 14:45:42,282 [7] ;
【日志级别】：INFO  
【登录IP】：::1 
 <!--信息尾--><!--信息头-->
【日志时间】：2020-03-03 14:45:52,411 [6] ;
【日志级别】：INFO  
【登录IP】：::1 
 <!--信息尾--><!--信息头-->
【日志时间】：2020-03-03 14:45:53,057 [9] ;
【日志级别】：INFO  
【登录IP】：::1 
 <!--信息尾--><!--信息头-->
【日志时间】：2020-03-03 14:45:53,061 [9] ;
【日志级别】：INFO  
【登录IP】：::1 
 <!--信息尾--><!--信息头-->
【日志时间】：2020-03-03 14:45:53,072 [9] ;
【日志级别】：INFO  
【登录IP】：::1 
 <!--信息尾--><!--信息头-->
【日志时间】：2020-03-03 14:45:53,321 [9] ;
【日志级别】：INFO  
【登录IP】：::1 
 <!--信息尾--><!--信息头-->
【日志时间】：2020-03-03 14:47:40,080 [9] ;
【日志级别】：INFO  
【登录IP】：::1 
 <!--信息尾--><!--信息头-->
【日志时间】：2020-03-03 14:47:43,894 [9] ;
【日志级别】：INFO  
【登录IP】：::1 
 <!--信息尾--><!--信息头-->
【日志时间】：2020-03-03 14:47:44,157 [6] ;
【日志级别】：INFO  
【登录IP】：::1 
 <!--信息尾--><!--信息头-->
【日志时间】：2020-03-03 14:47:57,453 [7] ;
【日志级别】：INFO  
【登录IP】：::1 
 <!--信息尾--><!--信息头-->
【日志时间】：2020-03-03 14:47:57,926 [7] ;
【日志级别】：INFO  
【登录IP】：::1 
 <!--信息尾--><!--信息头-->
【日志时间】：2020-03-03 14:47:58,155 [7] ;
【日志级别】：INFO  
【登录IP】：::1 
 <!--信息尾-->