<!--信息头-->
【日志时间】：2020-01-02 14:45:20,329 [10] ;
【日志级别】：INFO  
【登录IP】：::1 
 <!--信息尾--><!--信息头-->
【日志时间】：2020-01-02 14:45:21,906 [10] ;
【日志级别】：INFO  
【登录IP】：::1 
 <!--信息尾--><!--信息头-->
【日志时间】：2020-01-02 14:47:58,866 [15] ;
【日志级别】：INFO  
【登录IP】：::1 
 <!--信息尾--><!--信息头-->
【日志时间】：2020-01-02 14:48:43,992 [15] ;
【日志级别】：INFO  
【登录IP】：::1 
 <!--信息尾--><!--信息头-->
【日志时间】：2020-01-02 14:49:28,040 [9] ;
【日志级别】：INFO  
【登录IP】：::1 
 <!--信息尾--><!--信息头-->
【日志时间】：2020-01-02 14:49:30,662 [9] ;
【日志级别】：INFO  
【登录IP】：::1 
 <!--信息尾--><!--信息头-->
【日志时间】：2020-01-02 14:49:30,662 [6] ;
【日志级别】：INFO  
【登录IP】：::1 
 <!--信息尾--><!--信息头-->
【日志时间】：2020-01-02 14:49:30,662 [7] ;
【日志级别】：INFO  
【登录IP】：::1 
 <!--信息尾--><!--信息头-->
【日志时间】：2020-01-02 14:49:31,154 [9] ;
【日志级别】：INFO  
【登录IP】：::1 
 <!--信息尾--><!--信息头-->
【日志时间】：2020-01-02 14:49:31,277 [9] ;
【日志级别】：INFO  
【登录IP】：::1 
 <!--信息尾--><!--信息头-->
【日志时间】：2020-01-02 14:54:55,231 [9] ;
【日志级别】：INFO  
【登录IP】：::1 
 <!--信息尾--><!--信息头-->
【日志时间】：2020-01-02 14:55:00,020 [9] ;
【日志级别】：INFO  
【登录IP】：::1 
 <!--信息尾--><!--信息头-->
【日志时间】：2020-01-02 14:55:50,333 [9] ;
【日志级别】：INFO  
【登录IP】：::1 
 <!--信息尾--><!--信息头-->
【日志时间】：2020-01-02 14:55:54,203 [6] ;
【日志级别】：INFO  
【登录IP】：::1 
 <!--信息尾--><!--信息头-->
【日志时间】：2020-01-02 14:56:58,574 [5] ;
【日志级别】：INFO  
【登录IP】：::1 
 <!--信息尾--><!--信息头-->
【日志时间】：2020-01-02 15:00:34,016 [5] ;
【日志级别】：INFO  
【登录IP】：::1 
 <!--信息尾--><!--信息头-->
【日志时间】：2020-01-02 15:00:57,299 [5] ;
【日志级别】：INFO  
【登录IP】：::1 
 <!--信息尾--><!--信息头-->
【日志时间】：2020-01-02 15:04:11,196 [5] ;
【日志级别】：INFO  
【登录IP】：::1 
 <!--信息尾--><!--信息头-->
【日志时间】：2020-01-02 15:05:09,792 [5] ;
【日志级别】：INFO  
【登录IP】：::1 
 <!--信息尾--><!--信息头-->
【日志时间】：2020-01-02 15:06:38,435 [5] ;
【日志级别】：INFO  
【登录IP】：::1 
 <!--信息尾--><!--信息头-->
【日志时间】：2020-01-02 15:07:13,863 [9] ;
【日志级别】：INFO  
【登录IP】：::1 
 <!--信息尾--><!--信息头-->
【日志时间】：2020-01-02 15:07:17,260 [6] ;
【日志级别】：INFO  
【登录IP】：::1 
 <!--信息尾--><!--信息头-->
【日志时间】：2020-01-02 15:08:47,217 [9] ;
【日志级别】：INFO  
【登录IP】：::1 
 <!--信息尾--><!--信息头-->
【日志时间】：2020-01-02 15:08:50,368 [8] ;
【日志级别】：INFO  
【登录IP】：::1 
 <!--信息尾--><!--信息头-->
【日志时间】：2020-01-02 15:09:15,616 [8] ;
【日志级别】：INFO  
【登录IP】：::1 
 <!--信息尾--><!--信息头-->
【日志时间】：2020-01-02 15:10:39,199 [8] ;
【日志级别】：INFO  
【登录IP】：::1 
 <!--信息尾--><!--信息头-->
【日志时间】：2020-01-02 15:11:27,830 [9] ;
【日志级别】：INFO  
【登录IP】：::1 
 <!--信息尾--><!--信息头-->
【日志时间】：2020-01-02 15:11:30,820 [9] ;
【日志级别】：INFO  
【登录IP】：::1 
 <!--信息尾--><!--信息头-->
【日志时间】：2020-01-02 15:17:30,968 [9] ;
【日志级别】：INFO  
【登录IP】：::1 
 <!--信息尾--><!--信息头-->
【日志时间】：2020-01-02 15:17:33,858 [9] ;
【日志级别】：INFO  
【登录IP】：::1 
 <!--信息尾--><!--信息头-->
【日志时间】：2020-01-02 15:18:10,422 [6] ;
【日志级别】：INFO  
【登录IP】：::1 
 <!--信息尾--><!--信息头-->
【日志时间】：2020-01-02 15:18:34,933 [6] ;
【日志级别】：INFO  
【登录IP】：::1 
 <!--信息尾--><!--信息头-->
【日志时间】：2020-01-02 15:18:40,457 [6] ;
【日志级别】：INFO  
【登录IP】：::1 
 <!--信息尾--><!--信息头-->
【日志时间】：2020-01-02 15:19:25,161 [18] ;
【日志级别】：INFO  
【登录IP】：::1 
 <!--信息尾--><!--信息头-->
【日志时间】：2020-01-02 15:19:29,441 [6] ;
【日志级别】：INFO  
【登录IP】：::1 
 <!--信息尾--><!--信息头-->
【日志时间】：2020-01-02 15:20:10,668 [20] ;
【日志级别】：INFO  
【登录IP】：::1 
 <!--信息尾--><!--信息头-->
【日志时间】：2020-01-02 15:21:47,483 [9] ;
【日志级别】：INFO  
【登录IP】：::1 
 <!--信息尾--><!--信息头-->
【日志时间】：2020-01-02 15:21:50,456 [9] ;
【日志级别】：INFO  
【登录IP】：::1 
 <!--信息尾--><!--信息头-->
【日志时间】：2020-01-02 15:44:19,855 [16] ;
【日志级别】：INFO  
【登录IP】：::1 
 <!--信息尾--><!--信息头-->
【日志时间】：2020-01-02 15:44:23,314 [16] ;
【日志级别】：INFO  
【登录IP】：::1 
 <!--信息尾--><!--信息头-->
【日志时间】：2020-01-02 15:44:23,315 [9] ;
【日志级别】：INFO  
【登录IP】：::1 
 <!--信息尾--><!--信息头-->
【日志时间】：2020-01-02 15:44:23,323 [16] ;
【日志级别】：INFO  
【登录IP】：::1 
 <!--信息尾--><!--信息头-->
【日志时间】：2020-01-02 15:44:23,324 [16] ;
【日志级别】：INFO  
【登录IP】：::1 
 <!--信息尾--><!--信息头-->
【日志时间】：2020-01-02 15:44:23,366 [9] ;
【日志级别】：INFO  
【登录IP】：::1 
 <!--信息尾--><!--信息头-->
【日志时间】：2020-01-02 15:44:23,781 [9] ;
【日志级别】：INFO  
【登录IP】：::1 
 <!--信息尾--><!--信息头-->
【日志时间】：2020-01-02 15:44:23,782 [5] ;
【日志级别】：INFO  
【登录IP】：::1 
 <!--信息尾--><!--信息头-->
【日志时间】：2020-01-02 15:44:23,904 [6] ;
【日志级别】：INFO  
【登录IP】：::1 
 <!--信息尾--><!--信息头-->
【日志时间】：2020-01-02 15:44:54,194 [7] ;
【日志级别】：INFO  
【登录IP】：::1 
 <!--信息尾--><!--信息头-->
【日志时间】：2020-01-02 15:44:57,084 [9] ;
【日志级别】：INFO  
【登录IP】：::1 
 <!--信息尾--><!--信息头-->
【日志时间】：2020-01-02 15:44:57,089 [7] ;
【日志级别】：INFO  
【登录IP】：::1 
 <!--信息尾--><!--信息头-->
【日志时间】：2020-01-02 15:44:57,095 [6] ;
【日志级别】：INFO  
【登录IP】：::1 
 <!--信息尾--><!--信息头-->
【日志时间】：2020-01-02 15:44:57,123 [7] ;
【日志级别】：INFO  
【登录IP】：::1 
 <!--信息尾--><!--信息头-->
【日志时间】：2020-01-02 15:44:57,124 [7] ;
【日志级别】：INFO  
【登录IP】：::1 
 <!--信息尾--><!--信息头-->
【日志时间】：2020-01-02 15:44:57,124 [7] ;
【日志级别】：INFO  
【登录IP】：::1 
 <!--信息尾--><!--信息头-->
【日志时间】：2020-01-02 15:44:57,124 [7] ;
【日志级别】：INFO  
【登录IP】：::1 
 <!--信息尾--><!--信息头-->
【日志时间】：2020-01-02 15:44:57,598 [9] ;
【日志级别】：INFO  
【登录IP】：::1 
 <!--信息尾--><!--信息头-->
【日志时间】：2020-01-02 15:44:57,609 [6] ;
【日志级别】：INFO  
【登录IP】：::1 
 <!--信息尾--><!--信息头-->
【日志时间】：2020-01-02 15:44:57,609 [6] ;
【日志级别】：INFO  
【登录IP】：::1 
 <!--信息尾--><!--信息头-->
【日志时间】：2020-01-02 15:44:57,710 [6] ;
【日志级别】：INFO  
【登录IP】：::1 
 <!--信息尾--><!--信息头-->
【日志时间】：2020-01-02 15:45:24,634 [6] ;
【日志级别】：INFO  
【登录IP】：::1 
 <!--信息尾--><!--信息头-->
【日志时间】：2020-01-02 15:45:27,852 [14] ;
【日志级别】：INFO  
【登录IP】：::1 
 <!--信息尾--><!--信息头-->
【日志时间】：2020-01-02 15:45:28,441 [12] ;
【日志级别】：INFO  
【登录IP】：::1 
 <!--信息尾--><!--信息头-->
【日志时间】：2020-01-02 15:45:28,522 [12] ;
【日志级别】：INFO  
【登录IP】：::1 
 <!--信息尾--><!--信息头-->
【日志时间】：2020-01-02 15:45:28,523 [12] ;
【日志级别】：INFO  
【登录IP】：::1 
 <!--信息尾--><!--信息头-->
【日志时间】：2020-01-02 15:45:28,599 [12] ;
【日志级别】：INFO  
【登录IP】：::1 
 <!--信息尾--><!--信息头-->
【日志时间】：2020-01-02 15:49:26,094 [20] ;
【日志级别】：INFO  
【登录IP】：::1 
 <!--信息尾--><!--信息头-->
【日志时间】：2020-01-02 15:49:28,637 [23] ;
【日志级别】：INFO  
【登录IP】：::1 
 <!--信息尾--><!--信息头-->
【日志时间】：2020-01-02 15:49:28,637 [23] ;
【日志级别】：INFO  
【登录IP】：::1 
 <!--信息尾--><!--信息头-->
【日志时间】：2020-01-02 15:49:28,638 [23] ;
【日志级别】：INFO  
【登录IP】：::1 
 <!--信息尾--><!--信息头-->
【日志时间】：2020-01-02 15:49:28,638 [23] ;
【日志级别】：INFO  
【登录IP】：::1 
 <!--信息尾--><!--信息头-->
【日志时间】：2020-01-02 15:49:28,638 [23] ;
【日志级别】：INFO  
【登录IP】：::1 
 <!--信息尾--><!--信息头-->
【日志时间】：2020-01-02 15:49:28,971 [23] ;
【日志级别】：INFO  
【登录IP】：::1 
 <!--信息尾--><!--信息头-->
【日志时间】：2020-01-02 15:49:29,176 [23] ;
【日志级别】：INFO  
【登录IP】：::1 
 <!--信息尾--><!--信息头-->
【日志时间】：2020-01-02 15:49:29,177 [23] ;
【日志级别】：INFO  
【登录IP】：::1 
 <!--信息尾--><!--信息头-->
【日志时间】：2020-01-02 15:49:29,181 [23] ;
【日志级别】：INFO  
【登录IP】：::1 
 <!--信息尾--><!--信息头-->
【日志时间】：2020-01-02 15:49:29,318 [23] ;
【日志级别】：INFO  
【登录IP】：::1 
 <!--信息尾--><!--信息头-->
【日志时间】：2020-01-02 15:50:27,538 [23] ;
【日志级别】：INFO  
【登录IP】：::1 
 <!--信息尾--><!--信息头-->
【日志时间】：2020-01-02 15:50:28,023 [18] ;
【日志级别】：INFO  
【登录IP】：::1 
 <!--信息尾--><!--信息头-->
【日志时间】：2020-01-02 15:50:28,023 [18] ;
【日志级别】：INFO  
【登录IP】：::1 
 <!--信息尾--><!--信息头-->
【日志时间】：2020-01-02 15:50:28,032 [18] ;
【日志级别】：INFO  
【登录IP】：::1 
 <!--信息尾--><!--信息头-->
【日志时间】：2020-01-02 15:50:28,108 [4] ;
【日志级别】：INFO  
【登录IP】：::1 
 <!--信息尾--><!--信息头-->
【日志时间】：2020-01-02 15:53:43,539 [27] ;
【日志级别】：INFO  
【登录IP】：::1 
 <!--信息尾--><!--信息头-->
【日志时间】：2020-01-02 15:53:44,598 [27] ;
【日志级别】：INFO  
【登录IP】：::1 
 <!--信息尾--><!--信息头-->
【日志时间】：2020-01-02 15:53:44,600 [25] ;
【日志级别】：INFO  
【登录IP】：::1 
 <!--信息尾--><!--信息头-->
【日志时间】：2020-01-02 15:53:44,603 [25] ;
【日志级别】：INFO  
【登录IP】：::1 
 <!--信息尾--><!--信息头-->
【日志时间】：2020-01-02 15:53:44,886 [27] ;
【日志级别】：INFO  
【登录IP】：::1 
 <!--信息尾--><!--信息头-->
【日志时间】：2020-01-02 15:54:44,700 [25] ;
【日志级别】：INFO  
【登录IP】：::1 
 <!--信息尾--><!--信息头-->
【日志时间】：2020-01-02 15:54:45,413 [25] ;
【日志级别】：INFO  
【登录IP】：::1 
 <!--信息尾--><!--信息头-->
【日志时间】：2020-01-02 15:54:45,623 [28] ;
【日志级别】：INFO  
【登录IP】：::1 
 <!--信息尾--><!--信息头-->
【日志时间】：2020-01-02 15:55:03,604 [29] ;
【日志级别】：INFO  
【登录IP】：::1 
 <!--信息尾--><!--信息头-->
【日志时间】：2020-01-02 15:55:04,473 [33] ;
【日志级别】：INFO  
【登录IP】：::1 
 <!--信息尾--><!--信息头-->
【日志时间】：2020-01-02 15:55:04,659 [34] ;
【日志级别】：INFO  
【登录IP】：::1 
 <!--信息尾--><!--信息头-->
【日志时间】：2020-01-02 15:57:21,346 [41] ;
【日志级别】：INFO  
【登录IP】：::1 
 <!--信息尾--><!--信息头-->
【日志时间】：2020-01-02 15:57:21,740 [42] ;
【日志级别】：INFO  
【登录IP】：::1 
 <!--信息尾--><!--信息头-->
【日志时间】：2020-01-02 15:57:21,742 [42] ;
【日志级别】：INFO  
【登录IP】：::1 
 <!--信息尾--><!--信息头-->
【日志时间】：2020-01-02 15:57:22,260 [42] ;
【日志级别】：INFO  
【登录IP】：::1 
 <!--信息尾--><!--信息头-->
【日志时间】：2020-01-02 15:57:22,260 [42] ;
【日志级别】：INFO  
【登录IP】：::1 
 <!--信息尾--><!--信息头-->
【日志时间】：2020-01-02 15:57:22,261 [42] ;
【日志级别】：INFO  
【登录IP】：::1 
 <!--信息尾--><!--信息头-->
【日志时间】：2020-01-02 15:57:22,621 [42] ;
【日志级别】：INFO  
【登录IP】：::1 
 <!--信息尾--><!--信息头-->
【日志时间】：2020-01-02 15:58:06,732 [39] ;
【日志级别】：INFO  
【登录IP】：::1 
 <!--信息尾--><!--信息头-->
【日志时间】：2020-01-02 15:58:07,016 [40] ;
【日志级别】：INFO  
【登录IP】：::1 
 <!--信息尾--><!--信息头-->
【日志时间】：2020-01-02 15:58:07,016 [40] ;
【日志级别】：INFO  
【登录IP】：::1 
 <!--信息尾--><!--信息头-->
【日志时间】：2020-01-02 15:58:07,017 [40] ;
【日志级别】：INFO  
【登录IP】：::1 
 <!--信息尾--><!--信息头-->
【日志时间】：2020-01-02 15:58:07,019 [40] ;
【日志级别】：INFO  
【登录IP】：::1 
 <!--信息尾--><!--信息头-->
【日志时间】：2020-01-02 15:58:07,019 [40] ;
【日志级别】：INFO  
【登录IP】：::1 
 <!--信息尾--><!--信息头-->
【日志时间】：2020-01-02 15:58:07,019 [40] ;
【日志级别】：INFO  
【登录IP】：::1 
 <!--信息尾--><!--信息头-->
【日志时间】：2020-01-02 15:58:07,020 [40] ;
【日志级别】：INFO  
【登录IP】：::1 
 <!--信息尾--><!--信息头-->
【日志时间】：2020-01-02 15:58:07,020 [40] ;
【日志级别】：INFO  
【登录IP】：::1 
 <!--信息尾--><!--信息头-->
【日志时间】：2020-01-02 15:58:07,020 [40] ;
【日志级别】：INFO  
【登录IP】：::1 
 <!--信息尾--><!--信息头-->
【日志时间】：2020-01-02 15:58:07,027 [40] ;
【日志级别】：INFO  
【登录IP】：::1 
 <!--信息尾--><!--信息头-->
【日志时间】：2020-01-02 15:58:07,035 [42] ;
【日志级别】：INFO  
【登录IP】：::1 
 <!--信息尾--><!--信息头-->
【日志时间】：2020-01-02 15:58:07,044 [40] ;
【日志级别】：INFO  
【登录IP】：::1 
 <!--信息尾--><!--信息头-->
【日志时间】：2020-01-02 15:58:07,045 [40] ;
【日志级别】：INFO  
【登录IP】：::1 
 <!--信息尾--><!--信息头-->
【日志时间】：2020-01-02 15:58:07,138 [40] ;
【日志级别】：INFO  
【登录IP】：::1 
 <!--信息尾--><!--信息头-->
【日志时间】：2020-01-02 15:58:07,481 [40] ;
【日志级别】：INFO  
【登录IP】：::1 
 <!--信息尾--><!--信息头-->
【日志时间】：2020-01-02 15:58:07,482 [39] ;
【日志级别】：INFO  
【登录IP】：::1 
 <!--信息尾--><!--信息头-->
【日志时间】：2020-01-02 15:58:07,483 [39] ;
【日志级别】：INFO  
【登录IP】：::1 
 <!--信息尾--><!--信息头-->
【日志时间】：2020-01-02 15:58:07,484 [39] ;
【日志级别】：INFO  
【登录IP】：::1 
 <!--信息尾--><!--信息头-->
【日志时间】：2020-01-02 15:58:07,484 [39] ;
【日志级别】：INFO  
【登录IP】：::1 
 <!--信息尾--><!--信息头-->
【日志时间】：2020-01-02 15:58:07,650 [39] ;
【日志级别】：INFO  
【登录IP】：::1 
 <!--信息尾--><!--信息头-->
【日志时间】：2020-01-02 15:58:07,650 [39] ;
【日志级别】：INFO  
【登录IP】：::1 
 <!--信息尾--><!--信息头-->
【日志时间】：2020-01-02 15:58:07,651 [39] ;
【日志级别】：INFO  
【登录IP】：::1 
 <!--信息尾--><!--信息头-->
【日志时间】：2020-01-02 15:58:07,651 [39] ;
【日志级别】：INFO  
【登录IP】：::1 
 <!--信息尾--><!--信息头-->
【日志时间】：2020-01-02 15:58:07,651 [39] ;
【日志级别】：INFO  
【登录IP】：::1 
 <!--信息尾--><!--信息头-->
【日志时间】：2020-01-02 15:58:07,652 [39] ;
【日志级别】：INFO  
【登录IP】：::1 
 <!--信息尾--><!--信息头-->
【日志时间】：2020-01-02 15:58:07,652 [39] ;
【日志级别】：INFO  
【登录IP】：::1 
 <!--信息尾--><!--信息头-->
【日志时间】：2020-01-02 15:58:07,652 [39] ;
【日志级别】：INFO  
【登录IP】：::1 
 <!--信息尾--><!--信息头-->
【日志时间】：2020-01-02 15:58:07,652 [39] ;
【日志级别】：INFO  
【登录IP】：::1 
 <!--信息尾--><!--信息头-->
【日志时间】：2020-01-02 15:58:07,653 [39] ;
【日志级别】：INFO  
【登录IP】：::1 
 <!--信息尾--><!--信息头-->
【日志时间】：2020-01-02 15:58:07,653 [39] ;
【日志级别】：INFO  
【登录IP】：::1 
 <!--信息尾--><!--信息头-->
【日志时间】：2020-01-02 15:58:07,653 [39] ;
【日志级别】：INFO  
【登录IP】：::1 
 <!--信息尾--><!--信息头-->
【日志时间】：2020-01-02 15:58:07,656 [39] ;
【日志级别】：INFO  
【登录IP】：::1 
 <!--信息尾--><!--信息头-->
【日志时间】：2020-01-02 15:58:07,657 [39] ;
【日志级别】：INFO  
【登录IP】：::1 
 <!--信息尾--><!--信息头-->
【日志时间】：2020-01-02 15:58:08,034 [40] ;
【日志级别】：INFO  
【登录IP】：::1 
 <!--信息尾--><!--信息头-->
【日志时间】：2020-01-02 15:58:12,369 [40] ;
【日志级别】：INFO  
【登录IP】：::1 
 <!--信息尾--><!--信息头-->
【日志时间】：2020-01-02 15:58:16,176 [40] ;
【日志级别】：INFO  
【登录IP】：::1 
 <!--信息尾--><!--信息头-->
【日志时间】：2020-01-02 15:58:17,234 [43] ;
【日志级别】：INFO  
【登录IP】：::1 
 <!--信息尾--><!--信息头-->
【日志时间】：2020-01-02 15:58:17,241 [42] ;
【日志级别】：INFO  
【登录IP】：::1 
 <!--信息尾--><!--信息头-->
【日志时间】：2020-01-02 15:58:17,304 [43] ;
【日志级别】：INFO  
【登录IP】：::1 
 <!--信息尾--><!--信息头-->
【日志时间】：2020-01-02 15:58:17,337 [39] ;
【日志级别】：INFO  
【登录IP】：::1 
 <!--信息尾--><!--信息头-->
【日志时间】：2020-01-02 15:58:17,356 [39] ;
【日志级别】：INFO  
【登录IP】：::1 
 <!--信息尾--><!--信息头-->
【日志时间】：2020-01-02 15:58:17,808 [39] ;
【日志级别】：INFO  
【登录IP】：::1 
 <!--信息尾--><!--信息头-->
【日志时间】：2020-01-02 15:58:17,817 [39] ;
【日志级别】：INFO  
【登录IP】：::1 
 <!--信息尾--><!--信息头-->
【日志时间】：2020-01-02 15:59:44,504 [46] ;
【日志级别】：INFO  
【登录IP】：::1 
 <!--信息尾--><!--信息头-->
【日志时间】：2020-01-02 15:59:45,334 [51] ;
【日志级别】：INFO  
【登录IP】：::1 
 <!--信息尾--><!--信息头-->
【日志时间】：2020-01-02 15:59:45,569 [51] ;
【日志级别】：INFO  
【登录IP】：::1 
 <!--信息尾--><!--信息头-->
【日志时间】：2020-01-02 15:59:46,190 [51] ;
【日志级别】：INFO  
【登录IP】：::1 
 <!--信息尾--><!--信息头-->
【日志时间】：2020-01-02 15:59:46,249 [50] ;
【日志级别】：INFO  
【登录IP】：::1 
 <!--信息尾--><!--信息头-->
【日志时间】：2020-01-02 16:00:54,119 [53] ;
【日志级别】：INFO  
【登录IP】：::1 
 <!--信息尾--><!--信息头-->
【日志时间】：2020-01-02 16:00:54,787 [55] ;
【日志级别】：INFO  
【登录IP】：::1 
 <!--信息尾--><!--信息头-->
【日志时间】：2020-01-02 16:00:55,104 [55] ;
【日志级别】：INFO  
【登录IP】：::1 
 <!--信息尾-->