<!--信息头-->
【日志时间】：2020-03-02 11:14:33,385 [6] ;
【日志级别】：INFO  
【登录IP】：::1 
 <!--信息尾--><!--信息头-->
【日志时间】：2020-03-02 11:14:37,072 [6] ;
【日志级别】：INFO  
【登录IP】：::1 
 <!--信息尾--><!--信息头-->
【日志时间】：2020-03-02 11:14:37,072 [9] ;
【日志级别】：INFO  
【登录IP】：::1 
 <!--信息尾--><!--信息头-->
【日志时间】：2020-03-02 11:14:37,074 [7] ;
【日志级别】：INFO  
【登录IP】：::1 
 <!--信息尾--><!--信息头-->
【日志时间】：2020-03-02 11:14:37,105 [7] ;
【日志级别】：INFO  
【登录IP】：::1 
 <!--信息尾--><!--信息头-->
【日志时间】：2020-03-02 11:14:37,106 [7] ;
【日志级别】：INFO  
【登录IP】：::1 
 <!--信息尾--><!--信息头-->
【日志时间】：2020-03-02 11:14:37,107 [7] ;
【日志级别】：INFO  
【登录IP】：::1 
 <!--信息尾--><!--信息头-->
【日志时间】：2020-03-02 11:14:37,107 [9] ;
【日志级别】：INFO  
【登录IP】：::1 
 <!--信息尾--><!--信息头-->
【日志时间】：2020-03-02 11:14:37,108 [6] ;
【日志级别】：INFO  
【登录IP】：::1 
 <!--信息尾--><!--信息头-->
【日志时间】：2020-03-02 11:14:37,108 [9] ;
【日志级别】：INFO  
【登录IP】：::1 
 <!--信息尾--><!--信息头-->
【日志时间】：2020-03-02 11:14:37,109 [9] ;
【日志级别】：INFO  
【登录IP】：::1 
 <!--信息尾--><!--信息头-->
【日志时间】：2020-03-02 11:14:37,109 [9] ;
【日志级别】：INFO  
【登录IP】：::1 
 <!--信息尾--><!--信息头-->
【日志时间】：2020-03-02 11:14:37,139 [6] ;
【日志级别】：INFO  
【登录IP】：::1 
 <!--信息尾--><!--信息头-->
【日志时间】：2020-03-02 11:14:37,139 [9] ;
【日志级别】：INFO  
【登录IP】：::1 
 <!--信息尾--><!--信息头-->
【日志时间】：2020-03-02 11:14:37,263 [6] ;
【日志级别】：INFO  
【登录IP】：::1 
 <!--信息尾--><!--信息头-->
【日志时间】：2020-03-02 11:14:37,918 [6] ;
【日志级别】：INFO  
【登录IP】：::1 
 <!--信息尾--><!--信息头-->
【日志时间】：2020-03-02 11:14:37,923 [7] ;
【日志级别】：INFO  
【登录IP】：::1 
 <!--信息尾--><!--信息头-->
【日志时间】：2020-03-02 11:14:37,925 [9] ;
【日志级别】：INFO  
【登录IP】：::1 
 <!--信息尾--><!--信息头-->
【日志时间】：2020-03-02 11:14:38,305 [7] ;
【日志级别】：INFO  
【登录IP】：::1 
 <!--信息尾--><!--信息头-->
【日志时间】：2020-03-02 11:14:38,306 [7] ;
【日志级别】：INFO  
【登录IP】：::1 
 <!--信息尾--><!--信息头-->
【日志时间】：2020-03-02 11:14:38,665 [7] ;
【日志级别】：INFO  
【登录IP】：::1 
 <!--信息尾--><!--信息头-->
【日志时间】：2020-03-02 11:15:10,409 [7] ;
【日志级别】：INFO  
【登录IP】：::1 
 <!--信息尾--><!--信息头-->
【日志时间】：2020-03-02 11:15:10,711 [14] ;
【日志级别】：INFO  
【登录IP】：::1 
 <!--信息尾--><!--信息头-->
【日志时间】：2020-03-02 11:17:25,559 [18] ;
【日志级别】：INFO  
【登录IP】：::1 
 <!--信息尾--><!--信息头-->
【日志时间】：2020-03-02 11:17:57,456 [19] ;
【日志级别】：INFO  
【登录IP】：::1 
 <!--信息尾--><!--信息头-->
【日志时间】：2020-03-02 11:17:58,058 [20] ;
【日志级别】：INFO  
【登录IP】：::1 
 <!--信息尾--><!--信息头-->
【日志时间】：2020-03-02 11:25:21,106 [9] ;
【日志级别】：INFO  
【登录IP】：::1 
 <!--信息尾--><!--信息头-->
【日志时间】：2020-03-02 11:25:29,904 [7] ;
【日志级别】：INFO  
【登录IP】：::1 
 <!--信息尾--><!--信息头-->
【日志时间】：2020-03-02 11:25:29,985 [9] ;
【日志级别】：INFO  
【登录IP】：::1 
 <!--信息尾--><!--信息头-->
【日志时间】：2020-03-02 11:25:29,990 [6] ;
【日志级别】：INFO  
【登录IP】：::1 
 <!--信息尾--><!--信息头-->
【日志时间】：2020-03-02 11:26:08,873 [13] ;
【日志级别】：INFO  
【登录IP】：::1 
 <!--信息尾--><!--信息头-->
【日志时间】：2020-03-02 11:26:34,680 [13] ;
【日志级别】：INFO  
【登录IP】：::1 
 <!--信息尾--><!--信息头-->
【日志时间】：2020-03-02 11:26:35,251 [15] ;
【日志级别】：INFO  
【登录IP】：::1 
 <!--信息尾-->