<!--信息头-->
【日志时间】：2020-03-10 10:48:22,000 [9] ;
【日志级别】：INFO  
【登录IP】：::1 
 <!--信息尾--><!--信息头-->
【日志时间】：2020-03-10 10:48:25,501 [9] ;
【日志级别】：INFO  
【登录IP】：::1 
 <!--信息尾--><!--信息头-->
【日志时间】：2020-03-10 10:48:25,588 [9] ;
【日志级别】：INFO  
【登录IP】：::1 
 <!--信息尾--><!--信息头-->
【日志时间】：2020-03-10 10:48:25,642 [7] ;
【日志级别】：INFO  
【登录IP】：::1 
 <!--信息尾--><!--信息头-->
【日志时间】：2020-03-10 10:48:34,936 [9] ;
【日志级别】：INFO  
【登录IP】：::1 
 <!--信息尾--><!--信息头-->
【日志时间】：2020-03-10 10:48:34,956 [9] ;
【日志级别】：INFO  
【登录IP】：::1 
 <!--信息尾--><!--信息头-->
【日志时间】：2020-03-10 10:48:35,484 [9] ;
【日志级别】：INFO  
【登录IP】：::1 
 <!--信息尾--><!--信息头-->
【日志时间】：2020-03-10 10:48:35,485 [7] ;
【日志级别】：INFO  
【登录IP】：::1 
 <!--信息尾--><!--信息头-->
【日志时间】：2020-03-10 10:48:35,523 [9] ;
【日志级别】：INFO  
【登录IP】：::1 
 <!--信息尾--><!--信息头-->
【日志时间】：2020-03-10 10:48:36,156 [6] ;
【日志级别】：INFO  
【登录IP】：::1 
 <!--信息尾--><!--信息头-->
【日志时间】：2020-03-10 10:48:36,257 [9] ;
【日志级别】：INFO  
【登录IP】：::1 
 <!--信息尾--><!--信息头-->
【日志时间】：2020-03-10 10:48:44,261 [9] ;
【日志级别】：INFO  
【登录IP】：::1 
 <!--信息尾-->